2024-08-22 22:02:28,066 - INFO - Loading data...
2024-08-22 22:02:28,082 - INFO - Training ARIMA model...
2024-08-22 22:02:28,097 - INFO - Model trained with order: (5, 1, 0)
2024-08-22 22:02:28,099 - INFO - Model Evaluation - MSE: 50369385508.60, RMSE: 224431.25
2024-08-22 22:02:41,588 - INFO - Predicted Revenue for January 2025: 2931972.15
2024-08-22 22:10:58,352 - INFO - Loading data...
2024-08-22 22:10:58,369 - INFO - Training ARIMA model...
2024-08-22 22:10:58,385 - INFO - Model trained with order: (5, 1, 0)
2024-08-22 22:10:58,387 - INFO - Model Evaluation - MSE: 50369385508.60, RMSE: 224431.25
2024-08-22 22:11:17,620 - INFO - Predicted Revenue for January 2025: 2931972.15
2024-08-22 22:11:31,587 - INFO - Loading data...
2024-08-22 22:11:31,603 - INFO - Training ARIMA model...
2024-08-22 22:11:31,619 - INFO - Model trained with order: (5, 1, 0)
2024-08-22 22:11:31,622 - INFO - Model Evaluation - MSE: 50369385508.60, RMSE: 224431.25
2024-08-22 22:11:37,267 - INFO - Predicted Revenue for January 2024: 2910098.24
2024-08-22 22:11:56,348 - INFO - Loading data...
2024-08-22 22:11:56,364 - INFO - Training ARIMA model...
2024-08-22 22:11:56,380 - INFO - Model trained with order: (5, 1, 0)
2024-08-22 22:11:56,382 - INFO - Model Evaluation - MSE: 50369385508.60, RMSE: 224431.25
2024-08-22 22:12:08,771 - INFO - Predicted Revenue for January 2026: 2932955.40
2024-08-22 22:12:33,170 - INFO - Loading data...
2024-08-22 22:12:33,187 - INFO - Training ARIMA model...
2024-08-22 22:12:33,203 - INFO - Model trained with order: (5, 1, 0)
2024-08-22 22:12:33,205 - INFO - Model Evaluation - MSE: 50369385508.60, RMSE: 224431.25
2024-08-22 22:12:35,003 - INFO - Predicted Revenue for January 2026: 2932955.40
2024-08-22 22:12:41,577 - INFO - Loading data...
2024-08-22 22:12:41,594 - INFO - Training ARIMA model...
2024-08-22 22:12:41,610 - INFO - Model trained with order: (5, 1, 0)
2024-08-22 22:12:41,612 - INFO - Model Evaluation - MSE: 50369385508.60, RMSE: 224431.25
2024-08-22 22:12:44,683 - INFO - Predicted Revenue for August 2024: 2930449.39
2024-08-22 22:16:44,606 - INFO - Loading data...
2024-08-22 22:16:44,626 - INFO - Training ARIMA model...
2024-08-22 22:16:44,643 - INFO - Model trained with order: (5, 1, 0)
2024-08-22 22:16:44,645 - INFO - Model Evaluation - MSE: 50369385508.60, RMSE: 224431.25
2024-08-22 22:18:53,087 - INFO - Predicted Revenue for August 2024: 2930449.39
2024-08-23 10:10:44,361 - INFO - Loading data...
2024-08-23 10:10:44,408 - INFO - Training ARIMA model...
2024-08-23 10:10:44,502 - INFO - Model trained with order: (5, 1, 0)
2024-08-23 10:10:44,505 - INFO - Model Evaluation - MSE: 50369385506.92, RMSE: 224431.25
2024-08-23 10:13:02,125 - INFO - Loading data...
2024-08-23 10:13:02,151 - INFO - Training ARIMA model...
2024-08-23 10:13:02,183 - INFO - Model trained with order: (5, 1, 0)
2024-08-23 10:13:02,186 - INFO - Model Evaluation - MSE: 50369385506.92, RMSE: 224431.25
2024-08-23 10:13:43,462 - INFO - Loading data...
2024-08-23 10:14:46,837 - INFO - Loading data...
2024-08-23 10:14:46,854 - INFO - Training ARIMA model...
2024-08-23 10:14:46,881 - INFO - Model trained with order: (5, 1, 0)
2024-08-23 10:14:46,883 - INFO - Model Evaluation - MSE: 50369385506.92, RMSE: 224431.25
2024-08-23 10:15:02,698 - INFO - Loading data...
2024-08-23 10:15:02,722 - INFO - Training ARIMA model...
2024-08-23 10:15:02,788 - INFO - Model trained with order: (5, 1, 0)
2024-08-23 10:15:02,796 - INFO - Model Evaluation - MSE: 50369385506.92, RMSE: 224431.25
2024-08-23 10:15:35,482 - INFO - Loading data...
2024-08-23 10:15:35,501 - INFO - Training ARIMA model...
2024-08-23 10:15:35,528 - INFO - Model trained with order: (5, 1, 0)
2024-08-23 10:15:35,531 - INFO - Model Evaluation - MSE: 50369385506.92, RMSE: 224431.25
2024-08-23 10:15:39,798 - INFO - Loading data...
2024-08-23 10:15:39,830 - INFO - Training ARIMA model...
2024-08-23 10:15:39,877 - INFO - Model trained with order: (5, 1, 0)
2024-08-23 10:15:39,880 - INFO - Model Evaluation - MSE: 50369385506.92, RMSE: 224431.25
2024-08-23 10:15:41,836 - INFO - Loading data...
2024-08-23 10:15:41,855 - INFO - Training ARIMA model...
2024-08-23 10:15:41,882 - INFO - Model trained with order: (5, 1, 0)
2024-08-23 10:15:41,885 - INFO - Model Evaluation - MSE: 50369385506.92, RMSE: 224431.25
2024-08-23 10:15:41,904 - INFO - Predicted Revenue for February 2025: 2932547.73
2024-08-23 10:15:48,741 - INFO - Loading data...
2024-08-23 10:15:48,772 - INFO - Training ARIMA model...
2024-08-23 10:15:48,799 - INFO - Model trained with order: (5, 1, 0)
2024-08-23 10:15:48,802 - INFO - Model Evaluation - MSE: 50369385506.92, RMSE: 224431.25
2024-08-23 10:15:50,940 - INFO - Loading data...
2024-08-23 10:15:50,973 - INFO - Training ARIMA model...
2024-08-23 10:15:51,000 - INFO - Model trained with order: (5, 1, 0)
2024-08-23 10:15:51,003 - INFO - Model Evaluation - MSE: 50369385506.92, RMSE: 224431.25
2024-08-23 10:15:52,677 - INFO - Loading data...
2024-08-23 10:15:52,701 - INFO - Training ARIMA model...
2024-08-23 10:15:52,729 - INFO - Model trained with order: (5, 1, 0)
2024-08-23 10:15:52,733 - INFO - Model Evaluation - MSE: 50369385506.92, RMSE: 224431.25
2024-08-23 10:15:52,750 - INFO - Predicted Revenue for February 2025: 2932547.73
2024-08-23 10:15:55,680 - INFO - Loading data...
2024-08-23 10:15:55,701 - INFO - Training ARIMA model...
2024-08-23 10:15:55,724 - INFO - Model trained with order: (5, 1, 0)
2024-08-23 10:15:55,727 - INFO - Model Evaluation - MSE: 50369385506.92, RMSE: 224431.25
2024-08-23 10:15:56,839 - INFO - Loading data...
2024-08-23 10:15:56,874 - INFO - Training ARIMA model...
2024-08-23 10:15:56,899 - INFO - Model trained with order: (5, 1, 0)
2024-08-23 10:15:56,902 - INFO - Model Evaluation - MSE: 50369385506.92, RMSE: 224431.25
2024-08-23 10:15:56,920 - INFO - Predicted Revenue for March 2025: 2933264.62
2024-08-23 10:39:49,637 - INFO - Loading data...
2024-08-23 10:39:49,677 - INFO - Training ARIMA model...
2024-08-23 10:39:49,697 - INFO - Model trained with order: (5, 1, 0)
2024-08-23 10:39:49,700 - INFO - Model Evaluation - MSE: 50369385506.92, RMSE: 224431.25
2024-08-23 10:41:08,011 - INFO - Loading data...
2024-08-23 10:41:08,035 - INFO - Training ARIMA model...
2024-08-23 10:41:08,084 - INFO - Model trained with order: (5, 1, 0)
2024-08-23 10:41:08,087 - INFO - Model Evaluation - MSE: 50369385506.92, RMSE: 224431.25
2024-08-23 10:41:09,887 - INFO - Loading data...
2024-08-23 10:41:09,907 - INFO - Training ARIMA model...
2024-08-23 10:41:09,936 - INFO - Model trained with order: (5, 1, 0)
2024-08-23 10:41:09,940 - INFO - Model Evaluation - MSE: 50369385506.92, RMSE: 224431.25
2024-08-23 10:41:09,959 - INFO - Predicted Revenue for March 2024: 2971305.40
2024-08-23 10:41:14,715 - INFO - Loading data...
2024-08-23 10:41:14,759 - INFO - Training ARIMA model...
2024-08-23 10:41:14,782 - INFO - Model trained with order: (5, 1, 0)
2024-08-23 10:41:14,784 - INFO - Model Evaluation - MSE: 50369385506.92, RMSE: 224431.25
2024-08-23 10:42:16,689 - INFO - Loading data...
2024-08-23 10:42:16,710 - INFO - Training ARIMA model...
2024-08-23 10:42:16,733 - INFO - Model trained with order: (5, 1, 0)
2024-08-23 10:42:16,735 - INFO - Model Evaluation - MSE: 50369385506.92, RMSE: 224431.25
2024-08-23 10:44:38,547 - INFO - Loading data...
2024-08-23 10:44:38,569 - INFO - Training ARIMA model...
2024-08-23 10:44:38,609 - INFO - Model trained with order: (5, 1, 0)
2024-08-23 10:44:38,614 - INFO - Model Evaluation - MSE: 50369385506.92, RMSE: 224431.25
2024-08-23 10:45:14,949 - INFO - Loading data...
2024-08-23 10:45:14,975 - INFO - Training ARIMA model...
2024-08-23 10:45:15,003 - INFO - Model trained with order: (5, 1, 0)
2024-08-23 10:45:15,005 - INFO - Model Evaluation - MSE: 50369385506.92, RMSE: 224431.25
2024-08-23 10:45:16,821 - INFO - Loading data...
2024-08-23 10:45:16,856 - INFO - Training ARIMA model...
2024-08-23 10:45:16,881 - INFO - Model trained with order: (5, 1, 0)
2024-08-23 10:45:16,884 - INFO - Model Evaluation - MSE: 50369385506.92, RMSE: 224431.25
2024-08-23 10:45:16,988 - INFO - Predicted Revenue for January 2024: 2910098.24
2024-08-23 10:47:35,108 - INFO - Loading data...
2024-08-23 10:47:35,135 - INFO - Training ARIMA model...
2024-08-23 10:47:35,166 - INFO - Model trained with order: (5, 1, 0)
2024-08-23 10:47:35,170 - INFO - Model Evaluation - MSE: 50369385506.92, RMSE: 224431.25
2024-08-23 10:47:37,903 - INFO - Loading data...
2024-08-23 10:47:37,926 - INFO - Training ARIMA model...
2024-08-23 10:47:37,990 - INFO - Model trained with order: (5, 1, 0)
2024-08-23 10:47:37,992 - INFO - Model Evaluation - MSE: 50369385506.92, RMSE: 224431.25
2024-08-23 10:47:38,686 - INFO - Loading data...
2024-08-23 10:47:38,715 - INFO - Training ARIMA model...
2024-08-23 10:47:38,743 - INFO - Model trained with order: (5, 1, 0)
2024-08-23 10:47:38,745 - INFO - Model Evaluation - MSE: 50369385506.92, RMSE: 224431.25
2024-08-23 10:47:39,141 - INFO - Predicted Revenue for January 2024: 2910098.24
2024-08-23 10:48:23,688 - INFO - Loading data...
2024-08-23 10:48:23,707 - INFO - Training ARIMA model...
2024-08-23 10:48:23,733 - INFO - Model trained with order: (5, 1, 0)
2024-08-23 10:48:23,735 - INFO - Model Evaluation - MSE: 50369385506.92, RMSE: 224431.25
2024-08-23 10:48:25,697 - INFO - Loading data...
2024-08-23 10:48:25,725 - INFO - Training ARIMA model...
2024-08-23 10:48:25,774 - INFO - Model trained with order: (5, 1, 0)
2024-08-23 10:48:25,776 - INFO - Model Evaluation - MSE: 50369385506.92, RMSE: 224431.25
2024-08-23 10:48:26,617 - INFO - Loading data...
2024-08-23 10:48:26,644 - INFO - Training ARIMA model...
2024-08-23 10:48:26,670 - INFO - Model trained with order: (5, 1, 0)
2024-08-23 10:48:26,672 - INFO - Model Evaluation - MSE: 50369385506.92, RMSE: 224431.25
2024-08-23 10:48:26,890 - INFO - Predicted Revenue for January 2024: 2910098.24
2024-08-23 10:48:50,223 - INFO - Loading data...
2024-08-23 10:48:50,242 - INFO - Training ARIMA model...
2024-08-23 10:48:50,299 - INFO - Model trained with order: (5, 1, 0)
2024-08-23 10:48:50,303 - INFO - Model Evaluation - MSE: 50369385506.92, RMSE: 224431.25
2024-08-23 10:48:51,673 - INFO - Loading data...
2024-08-23 10:48:51,692 - INFO - Training ARIMA model...
2024-08-23 10:48:51,720 - INFO - Model trained with order: (5, 1, 0)
2024-08-23 10:48:51,724 - INFO - Model Evaluation - MSE: 50369385506.92, RMSE: 224431.25
2024-08-23 10:48:52,095 - INFO - Predicted Revenue for January 2025: 2931972.15
2024-08-23 10:49:00,860 - INFO - Loading data...
2024-08-23 10:49:00,888 - INFO - Training ARIMA model...
2024-08-23 10:49:00,916 - INFO - Model trained with order: (5, 1, 0)
2024-08-23 10:49:00,919 - INFO - Model Evaluation - MSE: 50369385506.92, RMSE: 224431.25
2024-08-23 10:49:02,337 - INFO - Loading data...
2024-08-23 10:49:02,364 - INFO - Training ARIMA model...
2024-08-23 10:49:02,410 - INFO - Model trained with order: (5, 1, 0)
2024-08-23 10:49:02,413 - INFO - Model Evaluation - MSE: 50369385506.92, RMSE: 224431.25
2024-08-23 10:49:02,760 - INFO - Predicted Revenue for January 2024: 2910098.24
2024-08-23 10:49:13,331 - INFO - Loading data...
2024-08-23 10:49:13,349 - INFO - Training ARIMA model...
2024-08-23 10:49:13,382 - INFO - Model trained with order: (5, 1, 0)
2024-08-23 10:49:13,386 - INFO - Model Evaluation - MSE: 50369385506.92, RMSE: 224431.25
2024-08-23 10:49:14,843 - INFO - Loading data...
2024-08-23 10:49:14,874 - INFO - Training ARIMA model...
2024-08-23 10:49:14,901 - INFO - Model trained with order: (5, 1, 0)
2024-08-23 10:49:14,904 - INFO - Model Evaluation - MSE: 50369385506.92, RMSE: 224431.25
2024-08-23 10:49:15,837 - INFO - Loading data...
2024-08-23 10:49:15,854 - INFO - Training ARIMA model...
2024-08-23 10:49:15,877 - INFO - Model trained with order: (5, 1, 0)
2024-08-23 10:49:15,881 - INFO - Model Evaluation - MSE: 50369385506.92, RMSE: 224431.25
2024-08-23 10:49:16,609 - INFO - Loading data...
2024-08-23 10:49:16,634 - INFO - Training ARIMA model...
2024-08-23 10:49:16,657 - INFO - Model trained with order: (5, 1, 0)
2024-08-23 10:49:16,660 - INFO - Model Evaluation - MSE: 50369385506.92, RMSE: 224431.25
2024-08-23 10:49:16,999 - INFO - Predicted Revenue for April 2024: 2949095.50
2024-08-23 10:51:34,865 - INFO - Loading data...
2024-08-23 10:51:34,896 - INFO - Loading data...
2024-08-23 10:51:34,914 - INFO - Training ARIMA model...
2024-08-23 10:51:34,932 - INFO - Model trained with order: (5, 1, 0)
2024-08-23 10:51:34,934 - INFO - Model Evaluation - MSE: 50369385508.60, RMSE: 224431.25
2024-08-23 10:51:37,510 - INFO - Loading data...
2024-08-23 10:51:37,526 - INFO - Training ARIMA model...
2024-08-23 10:51:37,541 - INFO - Model trained with order: (5, 1, 0)
2024-08-23 10:53:50,836 - INFO - Loading data...
2024-08-23 10:53:50,879 - INFO - Training ARIMA model...
2024-08-23 10:53:50,963 - INFO - Model trained with order: (5, 1, 0)
2024-08-23 10:53:50,970 - INFO - Model Evaluation - MSE: 50369385506.92, RMSE: 224431.25
2024-08-23 10:54:03,529 - INFO - Loading data...
2024-08-23 10:54:03,567 - INFO - Training ARIMA model...
2024-08-23 10:54:03,606 - INFO - Model trained with order: (5, 1, 0)
2024-08-23 10:54:03,609 - INFO - Model Evaluation - MSE: 50369385506.92, RMSE: 224431.25
2024-08-23 10:54:22,811 - INFO - Loading data...
2024-08-23 10:54:22,838 - INFO - Training ARIMA model...
2024-08-23 10:54:22,863 - INFO - Model trained with order: (5, 1, 0)
2024-08-23 10:54:22,865 - INFO - Model Evaluation - MSE: 50369385506.92, RMSE: 224431.25
2024-08-23 10:54:22,887 - INFO - Loading data...
2024-08-23 10:54:22,957 - INFO - Training ARIMA model...
2024-08-23 10:54:22,981 - INFO - Model trained with order: (5, 1, 0)
2024-08-23 10:54:22,984 - INFO - Model Evaluation - MSE: 50369385506.92, RMSE: 224431.25
2024-08-23 10:54:23,394 - INFO - Predicted Revenue for January 2024: 2910098.24
2024-08-23 10:54:25,646 - INFO - Loading data...
2024-08-23 10:54:25,674 - INFO - Training ARIMA model...
2024-08-23 10:54:25,702 - INFO - Model trained with order: (5, 1, 0)
2024-08-23 10:54:25,704 - INFO - Model Evaluation - MSE: 50369385506.92, RMSE: 224431.25
2024-08-23 10:54:27,275 - INFO - Loading data...
2024-08-23 10:54:27,308 - INFO - Training ARIMA model...
2024-08-23 10:54:27,335 - INFO - Model trained with order: (5, 1, 0)
2024-08-23 10:54:27,338 - INFO - Model Evaluation - MSE: 50369385506.92, RMSE: 224431.25
2024-08-23 10:54:27,748 - INFO - Loading data...
2024-08-23 10:54:27,770 - INFO - Training ARIMA model...
2024-08-23 10:54:27,804 - INFO - Loading data...
2024-08-23 10:54:27,810 - INFO - Model trained with order: (5, 1, 0)
2024-08-23 10:54:27,819 - INFO - Model Evaluation - MSE: 50369385506.92, RMSE: 224431.25
2024-08-23 10:54:27,993 - INFO - Training ARIMA model...
2024-08-23 10:54:28,057 - INFO - Model trained with order: (5, 1, 0)
2024-08-23 10:54:28,059 - INFO - Model Evaluation - MSE: 50369385506.92, RMSE: 224431.25
2024-08-23 10:54:28,389 - INFO - Loading data...
2024-08-23 10:54:28,408 - INFO - Training ARIMA model...
2024-08-23 10:54:28,431 - INFO - Model trained with order: (5, 1, 0)
2024-08-23 10:54:28,433 - INFO - Model Evaluation - MSE: 50369385506.92, RMSE: 224431.25
2024-08-23 10:54:28,803 - INFO - Predicted Revenue for April 2024: 2949095.50
2024-08-23 10:56:10,926 - INFO - Loading data...
2024-08-23 10:56:10,949 - INFO - Training ARIMA model...
2024-08-23 10:56:10,974 - INFO - Model trained with order: (5, 1, 0)
2024-08-23 10:56:10,978 - INFO - Model Evaluation - MSE: 50369385506.92, RMSE: 224431.25
2024-08-23 10:57:55,887 - INFO - Loading data...
2024-08-23 10:57:55,910 - INFO - Training ARIMA model...
2024-08-23 10:57:55,944 - INFO - Model trained with order: (5, 1, 0)
2024-08-23 10:57:55,952 - INFO - Model Evaluation - MSE: 50369385506.92, RMSE: 224431.25
2024-08-23 10:58:32,727 - INFO - Loading data...
2024-08-23 10:58:32,771 - INFO - Training ARIMA model...
2024-08-23 10:58:32,801 - INFO - Model trained with order: (5, 1, 0)
2024-08-23 10:58:32,803 - INFO - Model Evaluation - MSE: 50369385506.92, RMSE: 224431.25
2024-08-23 10:58:33,976 - INFO - Loading data...
2024-08-23 10:58:33,996 - INFO - Training ARIMA model...
2024-08-23 10:58:34,024 - INFO - Model trained with order: (5, 1, 0)
2024-08-23 10:58:34,026 - INFO - Model Evaluation - MSE: 50369385506.92, RMSE: 224431.25
2024-08-23 10:58:34,096 - INFO - Loading data...
2024-08-23 10:58:34,117 - INFO - Training ARIMA model...
2024-08-23 10:58:34,145 - INFO - Model trained with order: (5, 1, 0)
2024-08-23 10:58:34,147 - INFO - Model Evaluation - MSE: 50369385506.92, RMSE: 224431.25
2024-08-23 10:58:34,540 - INFO - Predicted Revenue for April 2024: 2949095.50
2024-08-23 12:03:03,172 - INFO - Loading data...
2024-08-23 12:05:00,609 - INFO - Loading data...
2024-08-23 12:11:10,565 - INFO - Loading data...
2024-08-23 12:13:22,348 - INFO - Loading data...
2024-08-23 12:16:15,074 - INFO - Loading data...
2024-08-23 12:18:21,251 - INFO - Loading data...
2024-08-23 12:22:45,288 - INFO - Loading data...
2024-08-23 12:22:45,364 - INFO - Loading data...
2024-08-23 12:22:45,409 - INFO - Training ARIMA model...
2024-08-23 12:22:45,518 - INFO - Model trained with order: (5, 1, 0)
2024-08-23 12:22:45,522 - INFO - Model Evaluation - MSE: 50369385509.44, RMSE: 224431.25
2024-08-23 12:22:45,523 - INFO - Loading data...
2024-08-23 12:22:45,568 - INFO - Training ARIMA model...
2024-08-23 12:22:45,646 - INFO - Model trained with order: (5, 1, 0)
2024-08-23 12:23:16,351 - INFO - Loading data...
2024-08-23 12:23:16,449 - INFO - Training ARIMA model...
2024-08-23 12:23:16,526 - INFO - Model trained with order: (5, 1, 0)
2024-08-23 12:23:16,533 - INFO - Model Evaluation - MSE: 50369385509.44, RMSE: 224431.25
2024-08-23 12:24:06,025 - INFO - Loading data...
2024-08-23 12:24:06,092 - INFO - Training ARIMA model...
2024-08-23 12:24:06,175 - INFO - Model trained with order: (5, 1, 0)
2024-08-23 12:24:06,189 - INFO - Model Evaluation - MSE: 50369385509.44, RMSE: 224431.25
2024-08-23 12:24:10,070 - INFO - Loading data...
2024-08-23 12:24:10,136 - INFO - Training ARIMA model...
2024-08-23 12:24:10,223 - INFO - Model trained with order: (5, 1, 0)
2024-08-23 12:24:10,224 - INFO - Loading data...
2024-08-23 12:24:10,232 - INFO - Model Evaluation - MSE: 50369385509.44, RMSE: 224431.25
2024-08-23 12:24:10,373 - INFO - Training ARIMA model...
2024-08-23 12:24:10,438 - INFO - Model trained with order: (5, 1, 0)
2024-08-23 12:24:10,444 - INFO - Model Evaluation - MSE: 50369385509.44, RMSE: 224431.25
2024-08-23 12:24:11,749 - INFO - Predicted Revenue for April 2024: 2949095.50
2024-08-23 12:27:37,132 - INFO - Loading data...
2024-08-23 12:27:37,191 - INFO - Training ARIMA model...
2024-08-23 12:27:37,256 - INFO - Model trained with order: (5, 1, 0)
2024-08-23 12:27:37,264 - INFO - Model Evaluation - MSE: 50369385509.44, RMSE: 224431.25
2024-08-23 12:37:41,546 - INFO - Loading data...
2024-08-23 12:37:41,583 - INFO - Training ARIMA model...
2024-08-23 12:37:41,628 - INFO - Model trained with order: (5, 1, 0)
2024-08-23 12:37:41,633 - INFO - Model Evaluation - MSE: 50369385509.44, RMSE: 224431.25
2024-08-23 12:37:45,231 - INFO - Loading data...
2024-08-23 12:37:45,269 - INFO - Training ARIMA model...
2024-08-23 12:37:45,323 - INFO - Model trained with order: (5, 1, 0)
2024-08-23 12:37:45,324 - INFO - Loading data...
2024-08-23 12:37:45,333 - INFO - Model Evaluation - MSE: 50369385509.44, RMSE: 224431.25
2024-08-23 12:37:45,437 - INFO - Training ARIMA model...
2024-08-23 12:37:45,475 - INFO - Model trained with order: (5, 1, 0)
2024-08-23 12:37:45,479 - INFO - Model Evaluation - MSE: 50369385509.44, RMSE: 224431.25
2024-08-23 12:37:46,233 - INFO - Predicted Revenue for August 2024: 2930449.39
2024-08-23 17:16:29,921 - INFO - Loading data...
2024-08-23 17:16:30,026 - INFO - Training ARIMA model...
2024-08-23 17:16:30,105 - INFO - Model trained with order: (5, 1, 0)
2024-08-23 17:16:30,126 - INFO - Model Evaluation - MSE: 50369385509.44, RMSE: 224431.25
2024-08-23 17:17:51,789 - INFO - Loading data...
2024-08-23 17:17:51,872 - INFO - Training ARIMA model...
2024-08-23 17:17:52,026 - INFO - Model trained with order: (5, 1, 0)
2024-08-23 17:17:52,043 - INFO - Model Evaluation - MSE: 50369385509.44, RMSE: 224431.25
2024-08-23 17:18:01,550 - INFO - Loading data...
2024-08-23 17:18:01,605 - INFO - Training ARIMA model...
2024-08-23 17:18:01,688 - INFO - Model trained with order: (5, 1, 0)
2024-08-23 17:18:01,695 - INFO - Model Evaluation - MSE: 50369385509.44, RMSE: 224431.25
2024-08-23 17:18:03,636 - INFO - Loading data...
2024-08-23 17:18:03,755 - INFO - Training ARIMA model...
2024-08-23 17:18:03,872 - INFO - Model trained with order: (5, 1, 0)
2024-08-23 17:18:03,879 - INFO - Model Evaluation - MSE: 50369385509.44, RMSE: 224431.25
2024-08-23 17:18:04,001 - INFO - Loading data...
2024-08-23 17:18:04,169 - INFO - Training ARIMA model...
2024-08-23 17:18:04,180 - INFO - Loading data...
2024-08-23 17:18:04,258 - INFO - Model trained with order: (5, 1, 0)
2024-08-23 17:18:04,274 - INFO - Model Evaluation - MSE: 50369385509.44, RMSE: 224431.25
2024-08-23 17:18:04,412 - INFO - Loading data...
2024-08-23 17:18:04,654 - INFO - Training ARIMA model...
2024-08-23 17:18:04,772 - INFO - Loading data...
2024-08-23 17:18:04,775 - INFO - Model trained with order: (5, 1, 0)
2024-08-23 17:18:04,794 - INFO - Model Evaluation - MSE: 50369385509.44, RMSE: 224431.25
2024-08-23 17:18:04,986 - INFO - Loading data...
2024-08-23 17:18:05,120 - INFO - Loading data...
2024-08-23 17:18:05,364 - INFO - Loading data...
2024-08-23 17:18:05,609 - INFO - Training ARIMA model...
2024-08-23 17:18:05,681 - INFO - Model trained with order: (5, 1, 0)
2024-08-23 17:18:05,689 - INFO - Model Evaluation - MSE: 50369385509.44, RMSE: 224431.25
2024-08-23 17:18:06,972 - INFO - Loading data...
2024-08-23 17:18:07,021 - INFO - Training ARIMA model...
2024-08-23 17:18:07,102 - INFO - Model trained with order: (5, 1, 0)
2024-08-23 17:18:07,108 - INFO - Model Evaluation - MSE: 50369385509.44, RMSE: 224431.25
2024-08-23 17:18:08,105 - INFO - Predicted Revenue for October 2024: 2935639.39
2024-08-23 17:22:26,108 - INFO - Loading data...
2024-08-23 17:22:26,204 - INFO - Training ARIMA model...
2024-08-23 17:22:26,316 - INFO - Model trained with order: (5, 1, 0)
2024-08-23 17:22:26,322 - INFO - Model Evaluation - MSE: 50369385509.44, RMSE: 224431.25
2024-08-23 17:23:38,788 - INFO - Loading data...
2024-08-23 17:23:38,836 - INFO - Training ARIMA model...
2024-08-23 17:23:38,893 - INFO - Model trained with order: (5, 1, 0)
2024-08-23 17:23:38,900 - INFO - Model Evaluation - MSE: 50369385509.44, RMSE: 224431.25
2024-08-23 17:23:39,836 - INFO - Loading data...
2024-08-23 17:23:39,881 - INFO - Training ARIMA model...
2024-08-23 17:23:39,936 - INFO - Model trained with order: (5, 1, 0)
2024-08-23 17:23:39,942 - INFO - Model Evaluation - MSE: 50369385509.44, RMSE: 224431.25
2024-08-23 17:23:41,472 - INFO - Loading data...
2024-08-23 17:23:41,514 - INFO - Training ARIMA model...
2024-08-23 17:23:41,569 - INFO - Model trained with order: (5, 1, 0)
2024-08-23 17:23:41,576 - INFO - Model Evaluation - MSE: 50369385509.44, RMSE: 224431.25
2024-08-23 17:23:42,340 - INFO - Predicted Revenue for January 2025: 2931972.15
2024-08-23 17:24:01,036 - INFO - Loading data...
2024-08-23 17:24:01,090 - INFO - Training ARIMA model...
2024-08-23 17:24:01,153 - INFO - Model trained with order: (5, 1, 0)
2024-08-23 17:24:01,158 - INFO - Model Evaluation - MSE: 50369385509.44, RMSE: 224431.25
2024-08-23 17:24:03,150 - INFO - Loading data...
2024-08-23 17:24:03,194 - INFO - Training ARIMA model...
2024-08-23 17:24:03,249 - INFO - Model trained with order: (5, 1, 0)
2024-08-23 17:24:03,254 - INFO - Model Evaluation - MSE: 50369385509.44, RMSE: 224431.25
2024-08-23 17:24:03,980 - INFO - Predicted Revenue for January 2024: 2910098.24
2024-08-23 17:24:07,381 - INFO - Loading data...
2024-08-23 17:24:07,426 - INFO - Training ARIMA model...
2024-08-23 17:24:07,489 - INFO - Model trained with order: (5, 1, 0)
2024-08-23 17:24:07,496 - INFO - Model Evaluation - MSE: 50369385509.44, RMSE: 224431.25
2024-08-23 17:24:07,550 - INFO - Loading data...
2024-08-23 17:24:07,662 - INFO - Training ARIMA model...
2024-08-23 17:24:07,712 - INFO - Model trained with order: (5, 1, 0)
2024-08-23 17:24:07,717 - INFO - Model Evaluation - MSE: 50369385509.44, RMSE: 224431.25
2024-08-23 17:24:09,652 - INFO - Loading data...
2024-08-23 17:24:09,695 - INFO - Training ARIMA model...
2024-08-23 17:24:09,751 - INFO - Model trained with order: (5, 1, 0)
2024-08-23 17:24:09,756 - INFO - Model Evaluation - MSE: 50369385509.44, RMSE: 224431.25
2024-08-23 17:24:10,462 - INFO - Predicted Revenue for March 2024: 2971305.40
2024-08-23 18:03:12,298 - INFO - Loading data...
2024-08-23 18:03:12,369 - INFO - Training ARIMA model...
2024-08-23 18:03:12,438 - INFO - Model trained with order: (5, 1, 0)
2024-08-23 18:03:12,444 - INFO - Model Evaluation - MSE: 50369385509.44, RMSE: 224431.25
2024-08-23 18:09:12,062 - INFO - Loading data...
2024-08-23 18:09:12,119 - INFO - Training ARIMA model...
2024-08-23 18:09:12,184 - INFO - Model trained with order: (5, 1, 0)
2024-08-23 18:09:12,190 - INFO - Model Evaluation - MSE: 50369385509.44, RMSE: 224431.25
2024-08-23 18:09:13,229 - INFO - Loading data...
2024-08-23 18:09:13,283 - INFO - Training ARIMA model...
2024-08-23 18:09:13,350 - INFO - Model trained with order: (5, 1, 0)
2024-08-23 18:09:13,356 - INFO - Model Evaluation - MSE: 50369385509.44, RMSE: 224431.25
2024-08-23 18:09:13,591 - INFO - Loading data...
2024-08-23 18:09:13,645 - INFO - Training ARIMA model...
2024-08-23 18:09:13,707 - INFO - Model trained with order: (5, 1, 0)
2024-08-23 18:09:13,713 - INFO - Model Evaluation - MSE: 50369385509.44, RMSE: 224431.25
2024-08-23 18:09:13,750 - INFO - Loading data...
2024-08-23 18:09:13,869 - INFO - Training ARIMA model...
2024-08-23 18:09:13,924 - INFO - Model trained with order: (5, 1, 0)
2024-08-23 18:09:13,930 - INFO - Model Evaluation - MSE: 50369385509.44, RMSE: 224431.25
2024-08-23 18:09:14,245 - INFO - Loading data...
2024-08-23 18:09:14,294 - INFO - Training ARIMA model...
2024-08-23 18:09:14,356 - INFO - Model trained with order: (5, 1, 0)
2024-08-23 18:09:14,361 - INFO - Model Evaluation - MSE: 50369385509.44, RMSE: 224431.25
2024-08-23 18:09:14,417 - INFO - Loading data...
2024-08-23 18:09:14,544 - INFO - Training ARIMA model...
2024-08-23 18:09:14,601 - INFO - Model trained with order: (5, 1, 0)
2024-08-23 18:09:14,607 - INFO - Model Evaluation - MSE: 50369385509.44, RMSE: 224431.25
2024-08-23 18:09:15,330 - INFO - Loading data...
2024-08-23 18:09:15,378 - INFO - Training ARIMA model...
2024-08-23 18:09:15,441 - INFO - Model trained with order: (5, 1, 0)
2024-08-23 18:09:15,446 - INFO - Model Evaluation - MSE: 50369385509.44, RMSE: 224431.25
2024-08-23 18:09:16,449 - INFO - Predicted Revenue for June 2024: 2920409.48
2024-08-23 18:30:08,420 - INFO - Loading data...
2024-08-23 18:30:08,530 - INFO - Training ARIMA model...
2024-08-23 18:30:08,641 - INFO - Model trained with order: (5, 1, 0)
2024-08-23 18:30:08,651 - INFO - Model Evaluation - MSE: 50369385509.44, RMSE: 224431.25
2024-08-23 21:00:50,403 - INFO - Loading data...
2024-08-23 21:00:50,537 - INFO - Training ARIMA model...
2024-08-23 21:00:50,667 - INFO - Model trained with order: (5, 1, 0)
2024-08-23 21:00:50,674 - INFO - Model Evaluation - MSE: 50369385509.44, RMSE: 224431.25
2024-08-23 21:01:05,238 - INFO - Loading data...
2024-08-23 21:01:05,289 - INFO - Training ARIMA model...
2024-08-23 21:01:05,353 - INFO - Model trained with order: (5, 1, 0)
2024-08-23 21:01:05,362 - INFO - Model Evaluation - MSE: 50369385509.44, RMSE: 224431.25
2024-08-23 21:01:07,159 - INFO - Loading data...
2024-08-23 21:01:07,207 - INFO - Training ARIMA model...
2024-08-23 21:01:07,273 - INFO - Model trained with order: (5, 1, 0)
2024-08-23 21:01:07,280 - INFO - Model Evaluation - MSE: 50369385509.44, RMSE: 224431.25
2024-08-23 21:01:07,346 - INFO - Loading data...
2024-08-23 21:01:07,464 - INFO - Training ARIMA model...
2024-08-23 21:01:07,525 - INFO - Loading data...
2024-08-23 21:01:07,526 - INFO - Model trained with order: (5, 1, 0)
2024-08-23 21:01:07,532 - INFO - Model Evaluation - MSE: 50369385509.44, RMSE: 224431.25
2024-08-23 21:01:07,652 - INFO - Training ARIMA model...
2024-08-23 21:01:07,689 - INFO - Loading data...
2024-08-23 21:01:07,703 - INFO - Model trained with order: (5, 1, 0)
2024-08-23 21:01:07,709 - INFO - Model Evaluation - MSE: 50369385509.44, RMSE: 224431.25
2024-08-23 21:01:07,839 - INFO - Training ARIMA model...
2024-08-23 21:01:07,910 - INFO - Model trained with order: (5, 1, 0)
2024-08-23 21:01:07,916 - INFO - Model Evaluation - MSE: 50369385509.44, RMSE: 224431.25
2024-08-23 21:01:08,985 - INFO - Loading data...
2024-08-23 21:01:09,031 - INFO - Training ARIMA model...
2024-08-23 21:01:09,096 - INFO - Model trained with order: (5, 1, 0)
2024-08-23 21:01:09,106 - INFO - Model Evaluation - MSE: 50369385509.44, RMSE: 224431.25
2024-08-23 21:01:09,930 - INFO - Predicted Revenue for May 2024: 2939805.89
2024-09-09 22:39:29,184 - INFO - Loading data...
2024-09-09 22:39:29,298 - INFO - Training ARIMA model...
2024-09-09 22:39:29,384 - INFO - Model trained with order: (5, 1, 0)
2024-09-09 22:39:29,388 - INFO - Model Evaluation - MSE: 50369385502.09, RMSE: 224431.25
2024-09-09 22:39:42,291 - INFO - Loading data...
2024-09-09 22:39:42,321 - INFO - Training ARIMA model...
2024-09-09 22:39:42,370 - INFO - Model trained with order: (5, 1, 0)
2024-09-09 22:39:42,374 - INFO - Model Evaluation - MSE: 50369385502.09, RMSE: 224431.25
2024-09-09 22:39:42,859 - INFO - Predicted Revenue for January 2025: 2931972.15
2024-09-13 17:44:21,100 - INFO - Loading data...
2024-09-13 17:44:21,101 - ERROR - Error loading or preprocessing data: [Errno 2] No such file or directory: 'd:\\Revenue-Forecasting-with-ARIMA-for-Business-Growth\\data/salé_data_2016_2023.csv'
2024-09-13 17:44:36,929 - INFO - Loading data...
2024-09-13 17:44:36,931 - ERROR - Error loading or preprocessing data: [Errno 2] No such file or directory: 'd:\\Revenue-Forecasting-with-ARIMA-for-Business-Growth\\data/sale_data_2016_2023.csv'
2024-09-13 17:44:50,406 - INFO - Loading data...
2024-09-13 17:44:50,440 - INFO - Training ARIMA model...
2024-09-13 17:44:50,520 - INFO - Model trained with order: (5, 1, 0)
2024-09-13 17:44:50,523 - INFO - Model Evaluation - MSE: 635442616.77, RMSE: 25207.99
2024-09-13 17:44:54,246 - INFO - Predicted Revenue for August 2024: 204856.57
2024-09-13 17:45:35,571 - INFO - Loading data...
2024-09-13 17:45:35,620 - INFO - Training ARIMA model...
2024-09-13 17:45:38,835 - INFO - Model trained with order: (5, 1, 0)
2024-09-13 17:45:38,840 - INFO - Model Evaluation - MSE: 312242619.97, RMSE: 17670.39
2024-09-13 17:45:56,822 - INFO - Predicted Revenue for August 2024: 261842.99
2024-09-13 17:47:55,615 - INFO - Loading data...
2024-09-13 17:47:55,900 - INFO - Training ARIMA model...
2024-09-13 17:47:56,158 - INFO - Model trained with order: (5, 1, 0)
2024-09-13 17:47:56,163 - INFO - Model Evaluation - MSE: 312242619.97, RMSE: 17670.39
2024-09-13 17:49:16,496 - INFO - Loading data...
2024-09-13 17:49:16,513 - INFO - Training ARIMA model...
2024-09-13 17:49:18,065 - INFO - Model trained with order: (5, 1, 0)
2024-09-13 17:49:18,069 - INFO - Model Evaluation - MSE: 312242619.97, RMSE: 17670.39
2024-09-13 18:05:47,932 - INFO - Loading data...
2024-09-13 18:05:48,302 - INFO - Training ARIMA model...
2024-09-13 18:05:48,758 - INFO - Model trained with order: (5, 1, 0)
2024-09-13 18:05:48,772 - INFO - Model Evaluation - MSE: 312242619.97, RMSE: 17670.39
2024-09-13 18:06:00,768 - INFO - Loading data...
2024-09-13 18:06:00,785 - INFO - Training ARIMA model...
2024-09-13 18:06:00,956 - INFO - Model trained with order: (5, 1, 0)
2024-09-13 18:06:00,961 - INFO - Model Evaluation - MSE: 312242619.97, RMSE: 17670.39
2024-09-13 18:06:01,626 - INFO - Predicted Revenue for January 2025: 231890.26
2024-09-13 18:06:06,381 - INFO - Loading data...
2024-09-13 18:06:06,395 - INFO - Training ARIMA model...
2024-09-13 18:06:06,560 - INFO - Loading data...
2024-09-13 18:06:06,564 - INFO - Model trained with order: (5, 1, 0)
2024-09-13 18:06:06,567 - INFO - Model Evaluation - MSE: 312242619.97, RMSE: 17670.39
2024-09-13 18:06:06,645 - INFO - Training ARIMA model...
2024-09-13 18:06:06,768 - INFO - Loading data...
2024-09-13 18:06:06,771 - INFO - Model trained with order: (5, 1, 0)
2024-09-13 18:06:06,774 - INFO - Model Evaluation - MSE: 312242619.97, RMSE: 17670.39
2024-09-13 18:06:06,838 - INFO - Loading data...
2024-09-13 18:06:06,934 - INFO - Training ARIMA model...
2024-09-13 18:06:07,072 - INFO - Loading data...
2024-09-13 18:06:07,074 - INFO - Model trained with order: (5, 1, 0)
2024-09-13 18:06:07,080 - INFO - Model Evaluation - MSE: 312242619.97, RMSE: 17670.39
2024-09-13 18:06:07,154 - INFO - Loading data...
2024-09-13 18:06:07,240 - INFO - Training ARIMA model...
2024-09-13 18:06:07,397 - INFO - Loading data...
2024-09-13 18:06:07,400 - INFO - Model trained with order: (5, 1, 0)
2024-09-13 18:06:07,404 - INFO - Model Evaluation - MSE: 312242619.97, RMSE: 17670.39
2024-09-13 18:06:07,475 - INFO - Loading data...
2024-09-13 18:06:07,556 - INFO - Training ARIMA model...
2024-09-13 18:06:07,736 - INFO - Model trained with order: (5, 1, 0)
2024-09-13 18:06:07,736 - INFO - Loading data...
2024-09-13 18:06:07,740 - INFO - Model Evaluation - MSE: 312242619.97, RMSE: 17670.39
2024-09-13 18:06:07,817 - INFO - Training ARIMA model...
2024-09-13 18:06:07,964 - INFO - Model trained with order: (5, 1, 0)
2024-09-13 18:06:07,966 - INFO - Model Evaluation - MSE: 312242619.97, RMSE: 17670.39
2024-09-13 18:06:09,183 - INFO - Loading data...
2024-09-13 18:06:09,196 - INFO - Training ARIMA model...
2024-09-13 18:06:09,348 - INFO - Model trained with order: (5, 1, 0)
2024-09-13 18:06:09,351 - INFO - Model Evaluation - MSE: 312242619.97, RMSE: 17670.39
2024-09-13 18:06:09,744 - INFO - Predicted Revenue for October 2025: 257410.70
